Using pre-set license
Built from '2020.3/staging' branch; Version is '2020.3.4f1 (0abb6314276a) revision 703331'; Using compiler version '192528614'; Build Type 'Release'
OS: 'Windows 10 Home; OS build 19043.1110; Version 2009; 64bit' Language: 'zh' Physical Memory: 16335 MB
BatchMode: 1, IsHumanControllingUs: 0, StartBugReporterOnCrash: 0, Is64bit: 1, IsPro: 0

 COMMAND LINE ARGUMENTS:
C:\Program Files\Unity\Hub\Editor\2020.3.4f1\Editor\Unity.exe
-adb2
-batchMode
-noUpm
-name
AssetImportWorker0
-projectPath
D:/dev/UnityPractice_02/UdemyUnityCourse03
-logFile
Logs/AssetImportWorker0.log
-srvPort
9871
Successfully changed project path to: D:/dev/UnityPractice_02/UdemyUnityCourse03
D:/dev/UnityPractice_02/UdemyUnityCourse03
Using Asset Import Pipeline V2.
Refreshing native plugins compatible for Editor in 19.30 ms, found 0 plugins.
Preloading 0 native plugins for Editor in 0.00 ms.
Initialize engine version: 2020.3.4f1 (0abb6314276a)
[Subsystems] Discovering subsystems at path C:/Program Files/Unity/Hub/Editor/2020.3.4f1/Editor/Data/Resources/UnitySubsystems
[Subsystems] Discovering subsystems at path D:/dev/UnityPractice_02/UdemyUnityCourse03/Assets
GfxDevice: creating device client; threaded=0
Direct3D:
    Version:  Direct3D 11.0 [level 11.1]
    Renderer: NVIDIA GeForce GTX 1060 6GB (ID=0x1c03)
    Vendor:   
    VRAM:     6052 MB
    Driver:   30.0.14.7141
Initialize mono
Mono path[0] = 'C:/Program Files/Unity/Hub/Editor/2020.3.4f1/Editor/Data/Managed'
Mono path[1] = 'C:/Program Files/Unity/Hub/Editor/2020.3.4f1/Editor/Data/MonoBleedingEdge/lib/mono/unityjit'
Mono config path = 'C:/Program Files/Unity/Hub/Editor/2020.3.4f1/Editor/Data/MonoBleedingEdge/etc'
Using monoOptions --debugger-agent=transport=dt_socket,embedding=1,server=y,suspend=n,address=127.0.0.1:56652
Begin MonoManager ReloadAssembly
Registering precompiled unity dll's ...
Register platform support module: C:/Program Files/Unity/Hub/Editor/2020.3.4f1/Editor/Data/PlaybackEngines/WindowsStandaloneSupport/UnityEditor.WindowsStandalone.Extensions.dll
Registered in 0.002032 seconds.
Native extension for WindowsStandalone target not found
Refreshing native plugins compatible for Editor in 19.22 ms, found 0 plugins.
Preloading 0 native plugins for Editor in 0.00 ms.
Mono: successfully reloaded assembly
- Completed reload, in  2.050 seconds
Platform modules already initialized, skipping
Registering precompiled user dll's ...
Registered in 0.000505 seconds.
Begin MonoManager ReloadAssembly
Native extension for WindowsStandalone target not found
Refreshing native plugins compatible for Editor in 0.18 ms, found 0 plugins.
Preloading 0 native plugins for Editor in 0.00 ms.
Mono: successfully reloaded assembly
- Completed reload, in  0.693 seconds
Platform modules already initialized, skipping
========================================================================
Worker process is ready to serve import requests
Launched and connected shader compiler UnityShaderCompiler.exe after 0.04 seconds
Refreshing native plugins compatible for Editor in 0.18 ms, found 0 plugins.
Preloading 0 native plugins for Editor in 0.00 ms.
Unloading 1116 Unused Serialized files (Serialized files now loaded: 0)
System memory in use before: 59.6 MB.
System memory in use after: 59.7 MB.

Unloading 10 unused Assets to reduce memory usage. Loaded Objects now: 1558.
Total: 1.464100 ms (FindLiveObjects: 0.131200 ms CreateObjectMapping: 0.029100 ms MarkObjects: 1.244200 ms  DeleteObjects: 0.058800 ms)

========================================================================
Received Import Request.
  path: Assets/Audios
  artifactKey: Guid(5abdf28fbfcf6ae49a5aaa6ce7054d48) Importer(815301076,1909f56bfc062723c751e8b465ee728b)
Start importing Assets/Audios using Guid(5abdf28fbfcf6ae49a5aaa6ce7054d48) Importer(815301076,1909f56bfc062723c751e8b465ee728b)  -> (artifact id: '9eed50558f70a7dca22e890590484854') in 0.002980 seconds
  Import took 0.004403 seconds .

========================================================================
Received Import Request.
  Time since last request: 2.144557 seconds.
  path: Assets/Audio
  artifactKey: Guid(5abdf28fbfcf6ae49a5aaa6ce7054d48) Importer(815301076,1909f56bfc062723c751e8b465ee728b)
Start importing Assets/Audio using Guid(5abdf28fbfcf6ae49a5aaa6ce7054d48) Importer(815301076,1909f56bfc062723c751e8b465ee728b)  -> (artifact id: '3f2ba64390028994b6bccf38fe330bce') in 0.001200 seconds
  Import took 0.003149 seconds .

========================================================================
Received Import Request.
  Time since last request: 6.482951 seconds.
  path: Assets/Audio/CartoonRocket.oga
  artifactKey: Guid(67414f6f6bad9b34fa544c48a220ab29) Importer(815301076,1909f56bfc062723c751e8b465ee728b)
Start importing Assets/Audio/CartoonRocket.oga using Guid(67414f6f6bad9b34fa544c48a220ab29) Importer(815301076,1909f56bfc062723c751e8b465ee728b)  -> (artifact id: '25abf72309f613c0015af9c742e4709c') in 0.027801 seconds
  Import took 0.029396 seconds .

AssetImportWorkerClient::OnTransportError - code=2 error=End of file
