Using pre-set license
Built from '2020.3/staging' branch; Version is '2020.3.4f1 (0abb6314276a) revision 703331'; Using compiler version '192528614'; Build Type 'Release'
OS: 'Windows 10 Home; OS build 19043.1110; Version 2009; 64bit' Language: 'zh' Physical Memory: 16335 MB
BatchMode: 1, IsHumanControllingUs: 0, StartBugReporterOnCrash: 0, Is64bit: 1, IsPro: 0

 COMMAND LINE ARGUMENTS:
C:\Program Files\Unity\Hub\Editor\2020.3.4f1\Editor\Unity.exe
-adb2
-batchMode
-noUpm
-name
AssetImportWorker0
-projectPath
D:/dev/UnityPractice_02/UdemyUnityCourse03
-logFile
Logs/AssetImportWorker0.log
-srvPort
8823
Successfully changed project path to: D:/dev/UnityPractice_02/UdemyUnityCourse03
D:/dev/UnityPractice_02/UdemyUnityCourse03
Using Asset Import Pipeline V2.
Refreshing native plugins compatible for Editor in 19.17 ms, found 0 plugins.
Preloading 0 native plugins for Editor in 0.00 ms.
Initialize engine version: 2020.3.4f1 (0abb6314276a)
[Subsystems] Discovering subsystems at path C:/Program Files/Unity/Hub/Editor/2020.3.4f1/Editor/Data/Resources/UnitySubsystems
[Subsystems] Discovering subsystems at path D:/dev/UnityPractice_02/UdemyUnityCourse03/Assets
GfxDevice: creating device client; threaded=0
Direct3D:
    Version:  Direct3D 11.0 [level 11.1]
    Renderer: NVIDIA GeForce GTX 1060 6GB (ID=0x1c03)
    Vendor:   
    VRAM:     6052 MB
    Driver:   30.0.14.7141
Initialize mono
Mono path[0] = 'C:/Program Files/Unity/Hub/Editor/2020.3.4f1/Editor/Data/Managed'
Mono path[1] = 'C:/Program Files/Unity/Hub/Editor/2020.3.4f1/Editor/Data/MonoBleedingEdge/lib/mono/unityjit'
Mono config path = 'C:/Program Files/Unity/Hub/Editor/2020.3.4f1/Editor/Data/MonoBleedingEdge/etc'
Using monoOptions --debugger-agent=transport=dt_socket,embedding=1,server=y,suspend=n,address=127.0.0.1:56344
Begin MonoManager ReloadAssembly
Registering precompiled unity dll's ...
Register platform support module: C:/Program Files/Unity/Hub/Editor/2020.3.4f1/Editor/Data/PlaybackEngines/WindowsStandaloneSupport/UnityEditor.WindowsStandalone.Extensions.dll
Registered in 0.002046 seconds.
Native extension for WindowsStandalone target not found
Refreshing native plugins compatible for Editor in 20.11 ms, found 0 plugins.
Preloading 0 native plugins for Editor in 0.00 ms.
Mono: successfully reloaded assembly
- Completed reload, in  1.909 seconds
Platform modules already initialized, skipping
Registering precompiled user dll's ...
Registered in 0.000499 seconds.
Begin MonoManager ReloadAssembly
Native extension for WindowsStandalone target not found
Refreshing native plugins compatible for Editor in 0.18 ms, found 0 plugins.
Preloading 0 native plugins for Editor in 0.00 ms.
Mono: successfully reloaded assembly
- Completed reload, in  0.722 seconds
Platform modules already initialized, skipping
========================================================================
Worker process is ready to serve import requests
Launched and connected shader compiler UnityShaderCompiler.exe after 0.04 seconds
Refreshing native plugins compatible for Editor in 0.19 ms, found 0 plugins.
Preloading 0 native plugins for Editor in 0.00 ms.
Unloading 1116 Unused Serialized files (Serialized files now loaded: 0)
System memory in use before: 59.6 MB.
System memory in use after: 59.7 MB.

Unloading 10 unused Assets to reduce memory usage. Loaded Objects now: 1558.
Total: 1.652900 ms (FindLiveObjects: 0.114700 ms CreateObjectMapping: 0.030400 ms MarkObjects: 1.436400 ms  DeleteObjects: 0.070400 ms)

========================================================================
Received Import Request.
  path: Assets/Audio/CartoonRocket.ogg
  artifactKey: Guid(ee5cc20557fc75e4e8181259c374201a) Importer(815301076,1909f56bfc062723c751e8b465ee728b)
Start importing Assets/Audio/CartoonRocket.ogg using Guid(ee5cc20557fc75e4e8181259c374201a) Importer(815301076,1909f56bfc062723c751e8b465ee728b)  -> (artifact id: '850abe15f883cb6722255d623751433a') in 0.076082 seconds
  Import took 0.077705 seconds .

========================================================================
Received Prepare
Registering precompiled user dll's ...
Registered in 0.000541 seconds.
Begin MonoManager ReloadAssembly
Native extension for WindowsStandalone target not found
Refreshing native plugins compatible for Editor in 0.24 ms, found 0 plugins.
Preloading 0 native plugins for Editor in 0.00 ms.
Mono: successfully reloaded assembly
- Completed reload, in  0.687 seconds
Platform modules already initialized, skipping
Refreshing native plugins compatible for Editor in 0.18 ms, found 0 plugins.
Preloading 0 native plugins for Editor in 0.00 ms.
Unloading 1111 Unused Serialized files (Serialized files now loaded: 0)
System memory in use before: 62.7 MB.
System memory in use after: 62.7 MB.

Unloading 5 unused Assets to reduce memory usage. Loaded Objects now: 1570.
Total: 3.636200 ms (FindLiveObjects: 0.254300 ms CreateObjectMapping: 0.086600 ms MarkObjects: 3.215200 ms  DeleteObjects: 0.077800 ms)

========================================================================
Received Import Request.
  Time since last request: 1153.624018 seconds.
  path: Assets/Scripts/Movement.cs
  artifactKey: Guid(5c2b2282e78ec1645bf4ac3c6c9b9152) Importer(815301076,1909f56bfc062723c751e8b465ee728b)
Start importing Assets/Scripts/Movement.cs using Guid(5c2b2282e78ec1645bf4ac3c6c9b9152) Importer(815301076,1909f56bfc062723c751e8b465ee728b)  -> (artifact id: '8bf8e5d2cfec594c8eb1438e32a358cb') in 0.005896 seconds
  Import took 0.007502 seconds .

========================================================================
Received Import Request.
  Time since last request: 0.022982 seconds.
  path: Assets/Scripts/Movement.cs
  artifactKey: Guid(5c2b2282e78ec1645bf4ac3c6c9b9152) Importer(815301076,1909f56bfc062723c751e8b465ee728b)
Start importing Assets/Scripts/Movement.cs using Guid(5c2b2282e78ec1645bf4ac3c6c9b9152) Importer(815301076,1909f56bfc062723c751e8b465ee728b)  -> (artifact id: '8bf8e5d2cfec594c8eb1438e32a358cb') in 0.001041 seconds
  Import took 0.002752 seconds .

========================================================================
Received Import Request.
  Time since last request: 99.936975 seconds.
  path: Assets/Scripts/Movement.cs
  artifactKey: Guid(5c2b2282e78ec1645bf4ac3c6c9b9152) Importer(815301076,1909f56bfc062723c751e8b465ee728b)
Start importing Assets/Scripts/Movement.cs using Guid(5c2b2282e78ec1645bf4ac3c6c9b9152) Importer(815301076,1909f56bfc062723c751e8b465ee728b)  -> (artifact id: 'e393976dd41020902c02481c3806664a') in 0.001208 seconds
  Import took 0.003337 seconds .

========================================================================
Received Prepare
Registering precompiled user dll's ...
Registered in 0.000506 seconds.
Begin MonoManager ReloadAssembly
Native extension for WindowsStandalone target not found
Refreshing native plugins compatible for Editor in 0.18 ms, found 0 plugins.
Preloading 0 native plugins for Editor in 0.00 ms.
Mono: successfully reloaded assembly
- Completed reload, in  0.671 seconds
Platform modules already initialized, skipping
Refreshing native plugins compatible for Editor in 0.18 ms, found 0 plugins.
Preloading 0 native plugins for Editor in 0.00 ms.
Unloading 1111 Unused Serialized files (Serialized files now loaded: 0)
System memory in use before: 62.7 MB.
System memory in use after: 62.8 MB.

Unloading 5 unused Assets to reduce memory usage. Loaded Objects now: 1573.
Total: 2.614500 ms (FindLiveObjects: 0.205000 ms CreateObjectMapping: 0.059600 ms MarkObjects: 2.272700 ms  DeleteObjects: 0.075900 ms)

